
==========================================================================
resizer report_tns
--------------------------------------------------------------------------
tns 0.00

==========================================================================
resizer report_wns
--------------------------------------------------------------------------
wns 0.00

==========================================================================
resizer report_worst_slack
--------------------------------------------------------------------------
worst slack 4.38

==========================================================================
resizer report_checks -path_delay min
--------------------------------------------------------------------------
Startpoint: core.CPU_reset_a2$_DFF_P_
            (rising edge-triggered flip-flop clocked by clk)
Endpoint: core.CPU_reset_a3$_DFF_P_
          (rising edge-triggered flip-flop clocked by clk)
Path Group: clk
Path Type: min

Fanout     Cap    Slew   Delay    Time   Description
-----------------------------------------------------------------------------
                  0.00    0.00    0.00   clock clk (rise edge)
                          3.00    3.00   clock network delay (ideal)
                  0.00    0.00    3.00 ^ core.CPU_reset_a2$_DFF_P_/CLK (sky130_fd_sc_hd__dfxtp_1)
     1    0.00    0.03    0.28    3.28 ^ core.CPU_reset_a2$_DFF_P_/Q (sky130_fd_sc_hd__dfxtp_1)
                                         core.CPU_reset_a2 (net)
                  0.03    0.00    3.28 ^ core.CPU_reset_a3$_DFF_P_/D (sky130_fd_sc_hd__dfxtp_4)
                                  3.28   data arrival time

                  0.00    0.00    0.00   clock clk (rise edge)
                          3.00    3.00   clock network delay (ideal)
                          0.76    3.76   clock uncertainty
                          0.00    3.76   clock reconvergence pessimism
                                  3.76 ^ core.CPU_reset_a3$_DFF_P_/CLK (sky130_fd_sc_hd__dfxtp_4)
                         -0.03    3.72   library hold time
                                  3.72   data required time
-----------------------------------------------------------------------------
                                  3.72   data required time
                                 -3.28   data arrival time
-----------------------------------------------------------------------------
                                 -0.45   slack (VIOLATED)



==========================================================================
resizer report_checks -path_delay max
--------------------------------------------------------------------------
Startpoint: core.CPU_imm_a3[30]$_DFF_P_
            (rising edge-triggered flip-flop clocked by clk)
Endpoint: core.CPU_Xreg_value_a4[21][26]$_SDFFE_PP0P_
          (rising edge-triggered flip-flop clocked by clk)
Path Group: clk
Path Type: max

Fanout     Cap    Slew   Delay    Time   Description
-----------------------------------------------------------------------------
                  0.00    0.00    0.00   clock clk (rise edge)
                          3.00    3.00   clock network delay (ideal)
                  0.00    0.00    3.00 ^ core.CPU_imm_a3[30]$_DFF_P_/CLK (sky130_fd_sc_hd__dfxtp_4)
    51    0.34    0.94    0.96    3.96 ^ core.CPU_imm_a3[30]$_DFF_P_/Q (sky130_fd_sc_hd__dfxtp_4)
                                         core.CPU_imm_a3[10] (net)
                  0.94    0.01    3.96 ^ _15765_/B (sky130_fd_sc_hd__ha_2)
     5    0.02    0.09    0.50    4.47 v _15765_/SUM (sky130_fd_sc_hd__ha_2)
                                         _07777_ (net)
                  0.09    0.00    4.47 v _10332_/C (sky130_fd_sc_hd__nor4_1)
     3    0.01    0.52    0.46    4.93 ^ _10332_/Y (sky130_fd_sc_hd__nor4_1)
                                         _04713_ (net)
                  0.52    0.00    4.93 ^ _10433_/C (sky130_fd_sc_hd__nand4_1)
     2    0.01    0.19    0.24    5.17 v _10433_/Y (sky130_fd_sc_hd__nand4_1)
                                         _04809_ (net)
                  0.19    0.00    5.17 v _10436_/C1 (sky130_fd_sc_hd__a211oi_1)
     1    0.01    0.31    0.31    5.47 ^ _10436_/Y (sky130_fd_sc_hd__a211oi_1)
                                         _04812_ (net)
                  0.31    0.00    5.47 ^ _10437_/C (sky130_fd_sc_hd__nor3_2)
     2    0.02    0.09    0.12    5.59 v _10437_/Y (sky130_fd_sc_hd__nor3_2)
                                         _04813_ (net)
                  0.09    0.00    5.59 v _10547_/A1 (sky130_fd_sc_hd__a21oi_2)
     1    0.02    0.21    0.23    5.83 ^ _10547_/Y (sky130_fd_sc_hd__a21oi_2)
                                         _04919_ (net)
                  0.21    0.00    5.83 ^ _10548_/S (sky130_fd_sc_hd__mux2i_4)
     1    0.03    0.27    0.37    6.19 ^ _10548_/Y (sky130_fd_sc_hd__mux2i_4)
                                         _04920_ (net)
                  0.27    0.00    6.20 ^ _10549_/C1 (sky130_fd_sc_hd__o211ai_4)
     3    0.02    0.12    0.16    6.35 v _10549_/Y (sky130_fd_sc_hd__o211ai_4)
                                         _04921_ (net)
                  0.12    0.00    6.35 v _10552_/A2 (sky130_fd_sc_hd__o21ai_4)
    31    0.16    1.07    0.82    7.18 ^ _10552_/Y (sky130_fd_sc_hd__o21ai_4)
                                         _04924_ (net)
                  1.08    0.05    7.22 ^ _12027_/A1 (sky130_fd_sc_hd__o21ai_0)
     1    0.00    0.16    0.21    7.43 v _12027_/Y (sky130_fd_sc_hd__o21ai_0)
                                         _00946_ (net)
                  0.16    0.00    7.43 v core.CPU_Xreg_value_a4[21][26]$_SDFFE_PP0P_/D (sky130_fd_sc_hd__dfxtp_1)
                                  7.43   data arrival time

                  0.00    9.45    9.45   clock clk (rise edge)
                          3.00   12.45   clock network delay (ideal)
                         -0.47   11.98   clock uncertainty
                          0.00   11.98   clock reconvergence pessimism
                                 11.98 ^ core.CPU_Xreg_value_a4[21][26]$_SDFFE_PP0P_/CLK (sky130_fd_sc_hd__dfxtp_1)
                         -0.17   11.81   library setup time
                                 11.81   data required time
-----------------------------------------------------------------------------
                                 11.81   data required time
                                 -7.43   data arrival time
-----------------------------------------------------------------------------
                                  4.38   slack (MET)



==========================================================================
resizer report_checks -unconstrained
--------------------------------------------------------------------------
Startpoint: core.CPU_imm_a3[30]$_DFF_P_
            (rising edge-triggered flip-flop clocked by clk)
Endpoint: core.CPU_Xreg_value_a4[21][26]$_SDFFE_PP0P_
          (rising edge-triggered flip-flop clocked by clk)
Path Group: clk
Path Type: max

Fanout     Cap    Slew   Delay    Time   Description
-----------------------------------------------------------------------------
                  0.00    0.00    0.00   clock clk (rise edge)
                          3.00    3.00   clock network delay (ideal)
                  0.00    0.00    3.00 ^ core.CPU_imm_a3[30]$_DFF_P_/CLK (sky130_fd_sc_hd__dfxtp_4)
    51    0.34    0.94    0.96    3.96 ^ core.CPU_imm_a3[30]$_DFF_P_/Q (sky130_fd_sc_hd__dfxtp_4)
                                         core.CPU_imm_a3[10] (net)
                  0.94    0.01    3.96 ^ _15765_/B (sky130_fd_sc_hd__ha_2)
     5    0.02    0.09    0.50    4.47 v _15765_/SUM (sky130_fd_sc_hd__ha_2)
                                         _07777_ (net)
                  0.09    0.00    4.47 v _10332_/C (sky130_fd_sc_hd__nor4_1)
     3    0.01    0.52    0.46    4.93 ^ _10332_/Y (sky130_fd_sc_hd__nor4_1)
                                         _04713_ (net)
                  0.52    0.00    4.93 ^ _10433_/C (sky130_fd_sc_hd__nand4_1)
     2    0.01    0.19    0.24    5.17 v _10433_/Y (sky130_fd_sc_hd__nand4_1)
                                         _04809_ (net)
                  0.19    0.00    5.17 v _10436_/C1 (sky130_fd_sc_hd__a211oi_1)
     1    0.01    0.31    0.31    5.47 ^ _10436_/Y (sky130_fd_sc_hd__a211oi_1)
                                         _04812_ (net)
                  0.31    0.00    5.47 ^ _10437_/C (sky130_fd_sc_hd__nor3_2)
     2    0.02    0.09    0.12    5.59 v _10437_/Y (sky130_fd_sc_hd__nor3_2)
                                         _04813_ (net)
                  0.09    0.00    5.59 v _10547_/A1 (sky130_fd_sc_hd__a21oi_2)
     1    0.02    0.21    0.23    5.83 ^ _10547_/Y (sky130_fd_sc_hd__a21oi_2)
                                         _04919_ (net)
                  0.21    0.00    5.83 ^ _10548_/S (sky130_fd_sc_hd__mux2i_4)
     1    0.03    0.27    0.37    6.19 ^ _10548_/Y (sky130_fd_sc_hd__mux2i_4)
                                         _04920_ (net)
                  0.27    0.00    6.20 ^ _10549_/C1 (sky130_fd_sc_hd__o211ai_4)
     3    0.02    0.12    0.16    6.35 v _10549_/Y (sky130_fd_sc_hd__o211ai_4)
                                         _04921_ (net)
                  0.12    0.00    6.35 v _10552_/A2 (sky130_fd_sc_hd__o21ai_4)
    31    0.16    1.07    0.82    7.18 ^ _10552_/Y (sky130_fd_sc_hd__o21ai_4)
                                         _04924_ (net)
                  1.08    0.05    7.22 ^ _12027_/A1 (sky130_fd_sc_hd__o21ai_0)
     1    0.00    0.16    0.21    7.43 v _12027_/Y (sky130_fd_sc_hd__o21ai_0)
                                         _00946_ (net)
                  0.16    0.00    7.43 v core.CPU_Xreg_value_a4[21][26]$_SDFFE_PP0P_/D (sky130_fd_sc_hd__dfxtp_1)
                                  7.43   data arrival time

                  0.00    9.45    9.45   clock clk (rise edge)
                          3.00   12.45   clock network delay (ideal)
                         -0.47   11.98   clock uncertainty
                          0.00   11.98   clock reconvergence pessimism
                                 11.98 ^ core.CPU_Xreg_value_a4[21][26]$_SDFFE_PP0P_/CLK (sky130_fd_sc_hd__dfxtp_1)
                         -0.17   11.81   library setup time
                                 11.81   data required time
-----------------------------------------------------------------------------
                                 11.81   data required time
                                 -7.43   data arrival time
-----------------------------------------------------------------------------
                                  4.38   slack (MET)



==========================================================================
resizer report_check_types -max_slew -max_cap -max_fanout -violators
--------------------------------------------------------------------------

==========================================================================
resizer max_slew_check_slack
--------------------------------------------------------------------------
0.07103051990270615

==========================================================================
resizer max_slew_check_limit
--------------------------------------------------------------------------
1.5

==========================================================================
resizer max_slew_check_slack_limit
--------------------------------------------------------------------------
0.0474

==========================================================================
resizer max_fanout_check_slack
--------------------------------------------------------------------------
1.0000000150474662e+30

==========================================================================
resizer max_fanout_check_limit
--------------------------------------------------------------------------
1.0000000150474662e+30

==========================================================================
resizer max_capacitance_check_slack
--------------------------------------------------------------------------
0.010401876643300056

==========================================================================
resizer max_capacitance_check_limit
--------------------------------------------------------------------------
0.19410200417041779

==========================================================================
resizer max_capacitance_check_slack_limit
--------------------------------------------------------------------------
0.0536

==========================================================================
resizer max_slew_violation_count
--------------------------------------------------------------------------
max slew violation count 0

==========================================================================
resizer max_fanout_violation_count
--------------------------------------------------------------------------
max fanout violation count 0

==========================================================================
resizer max_cap_violation_count
--------------------------------------------------------------------------
max cap violation count 0

==========================================================================
resizer setup_violation_count
--------------------------------------------------------------------------
setup violation count 0

==========================================================================
resizer hold_violation_count
--------------------------------------------------------------------------
hold violation count 1722

==========================================================================
resizer report_checks -path_delay max reg to reg
--------------------------------------------------------------------------
Startpoint: core.CPU_imm_a3[30]$_DFF_P_
            (rising edge-triggered flip-flop clocked by clk)
Endpoint: core.CPU_Xreg_value_a4[21][26]$_SDFFE_PP0P_
          (rising edge-triggered flip-flop clocked by clk)
Path Group: clk
Path Type: max

  Delay    Time   Description
---------------------------------------------------------
   0.00    0.00   clock clk (rise edge)
   3.00    3.00   clock network delay (ideal)
   0.00    3.00 ^ core.CPU_imm_a3[30]$_DFF_P_/CLK (sky130_fd_sc_hd__dfxtp_4)
   0.96    3.96 ^ core.CPU_imm_a3[30]$_DFF_P_/Q (sky130_fd_sc_hd__dfxtp_4)
   0.51    4.47 v _15765_/SUM (sky130_fd_sc_hd__ha_2)
   0.46    4.93 ^ _10332_/Y (sky130_fd_sc_hd__nor4_1)
   0.24    5.17 v _10433_/Y (sky130_fd_sc_hd__nand4_1)
   0.31    5.47 ^ _10436_/Y (sky130_fd_sc_hd__a211oi_1)
   0.12    5.59 v _10437_/Y (sky130_fd_sc_hd__nor3_2)
   0.23    5.83 ^ _10547_/Y (sky130_fd_sc_hd__a21oi_2)
   0.37    6.19 ^ _10548_/Y (sky130_fd_sc_hd__mux2i_4)
   0.16    6.35 v _10549_/Y (sky130_fd_sc_hd__o211ai_4)
   0.82    7.18 ^ _10552_/Y (sky130_fd_sc_hd__o21ai_4)
   0.25    7.43 v _12027_/Y (sky130_fd_sc_hd__o21ai_0)
   0.00    7.43 v core.CPU_Xreg_value_a4[21][26]$_SDFFE_PP0P_/D (sky130_fd_sc_hd__dfxtp_1)
           7.43   data arrival time

   9.45    9.45   clock clk (rise edge)
   3.00   12.45   clock network delay (ideal)
  -0.47   11.98   clock uncertainty
   0.00   11.98   clock reconvergence pessimism
          11.98 ^ core.CPU_Xreg_value_a4[21][26]$_SDFFE_PP0P_/CLK (sky130_fd_sc_hd__dfxtp_1)
  -0.17   11.81   library setup time
          11.81   data required time
---------------------------------------------------------
          11.81   data required time
          -7.43   data arrival time
---------------------------------------------------------
           4.38   slack (MET)



==========================================================================
resizer report_checks -path_delay min reg to reg
--------------------------------------------------------------------------
Startpoint: core.CPU_reset_a2$_DFF_P_
            (rising edge-triggered flip-flop clocked by clk)
Endpoint: core.CPU_reset_a3$_DFF_P_
          (rising edge-triggered flip-flop clocked by clk)
Path Group: clk
Path Type: min

  Delay    Time   Description
---------------------------------------------------------
   0.00    0.00   clock clk (rise edge)
   3.00    3.00   clock network delay (ideal)
   0.00    3.00 ^ core.CPU_reset_a2$_DFF_P_/CLK (sky130_fd_sc_hd__dfxtp_1)
   0.28    3.28 ^ core.CPU_reset_a2$_DFF_P_/Q (sky130_fd_sc_hd__dfxtp_1)
   0.00    3.28 ^ core.CPU_reset_a3$_DFF_P_/D (sky130_fd_sc_hd__dfxtp_4)
           3.28   data arrival time

   0.00    0.00   clock clk (rise edge)
   3.00    3.00   clock network delay (ideal)
   0.76    3.76   clock uncertainty
   0.00    3.76   clock reconvergence pessimism
           3.76 ^ core.CPU_reset_a3$_DFF_P_/CLK (sky130_fd_sc_hd__dfxtp_4)
  -0.03    3.72   library hold time
           3.72   data required time
---------------------------------------------------------
           3.72   data required time
          -3.28   data arrival time
---------------------------------------------------------
          -0.45   slack (VIOLATED)



==========================================================================
resizer critical path target clock latency max path
--------------------------------------------------------------------------
0

==========================================================================
resizer critical path target clock latency min path
--------------------------------------------------------------------------
0

==========================================================================
resizer critical path source clock latency min path
--------------------------------------------------------------------------
0

==========================================================================
resizer critical path delay
--------------------------------------------------------------------------
7.4298

==========================================================================
resizer critical path slack
--------------------------------------------------------------------------
4.3759

==========================================================================
resizer slack div critical path delay
--------------------------------------------------------------------------
58.896606

==========================================================================
resizer report_power
--------------------------------------------------------------------------
Group                  Internal  Switching    Leakage      Total
                          Power      Power      Power      Power (Watts)
----------------------------------------------------------------
Sequential             8.33e-03   1.28e-03   1.45e-08   9.61e-03  55.4%
Combinational          2.19e-03   5.53e-03   1.45e-08   7.72e-03  44.6%
Clock                  0.00e+00   0.00e+00   0.00e+00   0.00e+00   0.0%
Macro                  0.00e+00   0.00e+00   0.00e+00   0.00e+00   0.0%
Pad                    0.00e+00   0.00e+00   0.00e+00   0.00e+00   0.0%
----------------------------------------------------------------
Total                  1.05e-02   6.82e-03   2.90e-08   1.73e-02 100.0%
                          60.7%      39.3%       0.0%
